<?xml version="1.0" encoding="UTF-8"?>
<!-- Generated by org.testng.reporters.JUnitXMLReporter -->
<testsuite ignored="1" hostname="LAPTOP-A0RISGTB" failures="0" tests="1" name="Registro valido" time="12.15" errors="0" timestamp="2024-01-15T22:23:05 ART">
  <testcase classname="clase3.Tres_Uno" name="registrationTest" time="5.035"/>
  <testcase classname="clase3.Tres_Uno" name="invalidRegistrationTest" time="0.0">
    <ignored/>
  </testcase> <!-- invalidRegistrationTest -->
</testsuite> <!-- Registro valido -->
