<?xml version="1.0" encoding="UTF-8"?>
<!-- Generated by org.testng.reporters.JUnitXMLReporter -->
<testsuite ignored="1" hostname="DESKTOP-NLBR2BS" failures="0" tests="1" name="Registro invalido" time="15.741" errors="0" timestamp="2024-01-22T21:38:14 CLST">
  <testcase classname="clase3.Tres_Uno" name="invalidRegistrationTest" time="6.187"/>
  <testcase classname="clase3.Tres_Uno" name="registrationTest" time="0.0">
    <ignored/>
  </testcase> <!-- registrationTest -->
</testsuite> <!-- Registro invalido -->
