<?xml version="1.0" encoding="UTF-8"?>
<testng-results ignored="0" total="2" passed="2" failed="0" skipped="0">
  <reporter-output>
  </reporter-output>
  <suite started-at="2024-01-27T11:49:03 CLST" name="Default suite" finished-at="2024-01-27T11:49:38 CLST" duration-ms="34634">
    <groups>
    </groups>
    <test started-at="2024-01-27T11:49:03 CLST" name="Default test" finished-at="2024-01-27T11:49:38 CLST" duration-ms="34634">
      <class name="clase3.Tres_Uno">
        <test-method is-config="true" signature="setUp()[pri:0, instance:clase3.Tres_Uno@7cc0cdad]" started-at="2024-01-27T11:49:03 CLST" name="setUp" finished-at="2024-01-27T11:49:03 CLST" duration-ms="19" status="PASS">
          <reporter-output>
          </reporter-output>
        </test-method> <!-- setUp -->
        <test-method is-config="true" signature="irUrl()[pri:0, instance:clase3.Tres_Uno@7cc0cdad]" started-at="2024-01-27T11:49:03 CLST" name="irUrl" finished-at="2024-01-27T11:49:14 CLST" duration-ms="11012" status="PASS">
          <reporter-output>
          </reporter-output>
        </test-method> <!-- irUrl -->
        <test-method signature="invalidRegistrationTest()[pri:0, instance:clase3.Tres_Uno@7cc0cdad]" started-at="2024-01-27T11:49:14 CLST" name="invalidRegistrationTest" finished-at="2024-01-27T11:49:20 CLST" duration-ms="6147" status="PASS">
          <reporter-output>
          </reporter-output>
        </test-method> <!-- invalidRegistrationTest -->
        <test-method is-config="true" signature="screenshot(org.testng.ITestContext)[pri:0, instance:clase3.Tres_Uno@7cc0cdad]" started-at="2024-01-27T11:49:20 CLST" name="screenshot" finished-at="2024-01-27T11:49:21 CLST" duration-ms="1073" status="PASS">
          <params>
            <param index="0">
              <value>
                <![CDATA[org.testng.TestRunner@47772462]]>
              </value>
            </param>
          </params>
          <reporter-output>
          </reporter-output>
        </test-method> <!-- screenshot -->
        <test-method is-config="true" signature="irUrl()[pri:0, instance:clase3.Tres_Uno@7cc0cdad]" started-at="2024-01-27T11:49:21 CLST" name="irUrl" finished-at="2024-01-27T11:49:29 CLST" duration-ms="7942" status="PASS">
          <reporter-output>
          </reporter-output>
        </test-method> <!-- irUrl -->
        <test-method signature="registrationTest()[pri:0, instance:clase3.Tres_Uno@7cc0cdad]" started-at="2024-01-27T11:49:29 CLST" name="registrationTest" finished-at="2024-01-27T11:49:37 CLST" duration-ms="7968" status="PASS">
          <reporter-output>
          </reporter-output>
        </test-method> <!-- registrationTest -->
        <test-method is-config="true" signature="screenshot(org.testng.ITestContext)[pri:0, instance:clase3.Tres_Uno@7cc0cdad]" started-at="2024-01-27T11:49:37 CLST" name="screenshot" finished-at="2024-01-27T11:49:38 CLST" duration-ms="415" status="PASS">
          <params>
            <param index="0">
              <value>
                <![CDATA[org.testng.TestRunner@47772462]]>
              </value>
            </param>
          </params>
          <reporter-output>
          </reporter-output>
        </test-method> <!-- screenshot -->
        <test-method is-config="true" signature="finSuitePruebas()[pri:0, instance:clase3.Tres_Uno@7cc0cdad]" started-at="2024-01-27T11:49:38 CLST" name="finSuitePruebas" finished-at="2024-01-27T11:49:38 CLST" duration-ms="1" status="PASS">
          <reporter-output>
          </reporter-output>
        </test-method> <!-- finSuitePruebas -->
      </class> <!-- clase3.Tres_Uno -->
    </test> <!-- Default test -->
  </suite> <!-- Default suite -->
</testng-results>
